TwitterSearches/app/build/outputs/logs/manifest-merger-debug-report.txt
-- Merging decision tree log ---
manifest
ADDED from AndroidManifest.xml:2:1
	package
		ADDED from AndroidManifest.xml:3:4
		INJECTED from AndroidManifest.xml:0:0
		INJECTED from AndroidManifest.xml:0:0
	android:versionName
		ADDED from AndroidManifest.xml:5:4
	android:versionCode
		ADDED from AndroidManifest.xml:4:4
		INJECTED from AndroidManifest.xml:0:0
		INJECTED from AndroidManifest.xml:0:0
	xmlns:android
		ADDED from AndroidManifest.xml:2:11
uses-sdk
ADDED from AndroidManifest.xml:7:4
	android:targetSdkVersion
		ADDED from AndroidManifest.xml:9:7
		INJECTED from AndroidManifest.xml:0:0
		INJECTED from AndroidManifest.xml:0:0
	android:minSdkVersion
		ADDED from AndroidManifest.xml:8:7
		INJECTED from AndroidManifest.xml:0:0
		INJECTED from AndroidManifest.xml:0:0
uses-permission#android.permission.INTERNET
ADDED from AndroidManifest.xml:10:4
	android:name
		ADDED from AndroidManifest.xml:10:21
application
ADDED from AndroidManifest.xml:12:4
	android:label
		ADDED from AndroidManifest.xml:15:7
	android:allowBackup
		ADDED from AndroidManifest.xml:13:7
	android:icon
		ADDED from AndroidManifest.xml:14:7
	android:theme
		ADDED from AndroidManifest.xml:16:7
activity#com.deitel.twittersearches.MainActivity
ADDED from AndroidManifest.xml:17:7
	android:label
		ADDED from AndroidManifest.xml:19:10
	android:windowSoftInputMode
		ADDED from AndroidManifest.xml:19:43
	android:name
		ADDED from AndroidManifest.xml:18:10
intent-filter#android.intent.action.MAIN+android.intent.category.LAUNCHER
ADDED from AndroidManifest.xml:20:10
action#android.intent.action.MAIN
ADDED from AndroidManifest.xml:21:13
	android:name
		ADDED from AndroidManifest.xml:21:21
category#android.intent.category.LAUNCHER
ADDED from AndroidManifest.xml:23:13
	android:name
		ADDED from AndroidManifest.xml:23:23